|----------------------RedisSyncMysql----------------------
| 开始处理任务 / 日期：2017-04-24 16:18:06 / 
| 本批次处理完成 / 日期：2017-04-24 16:18:06 / 
|--------------------------------------------
|---------------------MongoSyncRedis-----------------------
| 开始处理任务 / 日期：2017-04-24 16:18:06 / 
| 本批次处理完成 / 日期：2017-04-24 16:18:06 / 
|--------------------------------------------
|----------------------RedisSyncMysql----------------------
| 开始处理任务 / 日期：2017-04-24 16:19:06 / 
| 本批次处理完成 / 日期：2017-04-24 16:19:06 / 
|--------------------------------------------
|---------------------MongoSyncRedis-----------------------
| 开始处理任务 / 日期：2017-04-24 16:19:06 / 
| 状态：加入队列成功 / ID：58fdb4d1aa53ca70e02b3a7d / 日期：2017-04-24 16:19:07 / 
| 状态：加入队列成功 / ID：58fdb4d1aa53ca70e02b3a7e / 日期：2017-04-24 16:19:07 / 
| 状态：加入队列成功 / ID：58fdb4d1aa53ca70e02b3a7f / 日期：2017-04-24 16:19:07 / 
| 状态：加入队列成功 / ID：58fdb4d1aa53ca70e02b3a80 / 日期：2017-04-24 16:19:07 / 
| 状态：加入队列成功 / ID：58fdb4d1aa53ca70e02b3a81 / 日期：2017-04-24 16:19:07 / 
| 状态：加入队列成功 / ID：58fdb4d2aa53ca70e02b3a82 / 日期：2017-04-24 16:19:07 / 
| 状态：加入队列成功 / ID：58fdb4d2aa53ca70e02b3a83 / 日期：2017-04-24 16:19:07 / 
| 状态：加入队列成功 / ID：58fdb4d2aa53ca70e02b3a84 / 日期：2017-04-24 16:19:07 / 
| 状态：加入队列成功 / ID：58fdb4d2aa53ca70e02b3a85 / 日期：2017-04-24 16:19:07 / 
| 状态：加入队列成功 / ID：58fdb4d2aa53ca70e02b3a86 / 日期：2017-04-24 16:19:07 / 
| 状态：加入队列成功 / ID：58fdb4d2aa53ca70e02b3a87 / 日期：2017-04-24 16:19:07 / 
| 状态：加入队列成功 / ID：58fdb4d2aa53ca70e02b3a88 / 日期：2017-04-24 16:19:07 / 
| 状态：加入队列成功 / ID：58fdb4d2aa53ca70e02b3a89 / 日期：2017-04-24 16:19:07 / 
| 状态：加入队列成功 / ID：58fdb4d2aa53ca70e02b3a8a / 日期：2017-04-24 16:19:07 / 
| 状态：加入队列成功 / ID：58fdb4d2aa53ca70e02b3a8b / 日期：2017-04-24 16:19:07 / 
| 状态：加入队列成功 / ID：58fdb4d2aa53ca70e02b3a8c / 日期：2017-04-24 16:19:07 / 
| 状态：加入队列成功 / ID：58fdb4d2aa53ca70e02b3a8d / 日期：2017-04-24 16:19:07 / 
| 状态：加入队列成功 / ID：58fdb4d2aa53ca70e02b3a8e / 日期：2017-04-24 16:19:07 / 
| 状态：加入队列成功 / ID：58fdb4d2aa53ca70e02b3a8f / 日期：2017-04-24 16:19:07 / 
| 状态：加入队列成功 / ID：58fdb4d2aa53ca70e02b3a90 / 日期：2017-04-24 16:19:07 / 
| 本批次处理完成 / 日期：2017-04-24 16:19:07 / 
|--------------------------------------------
|----------------------RedisSyncMysql----------------------
| 开始处理任务 / 日期：2017-04-24 16:20:06 / 
|---------------------MongoSyncRedis-----------------------
| 开始处理任务 / 日期：2017-04-24 16:20:07 / 
| 本批次处理完成 / 日期：2017-04-24 16:20:07 / 
|--------------------------------------------
| 状态：Redis同步数据到Mysql成功 / ID：58fdb4d1aa53ca70e02b3a7d / 日期：2017-04-24 16:20:07 / 
| 状态：Redis同步数据到Mysql成功 / ID：58fdb4d1aa53ca70e02b3a7e / 日期：2017-04-24 16:20:07 / 
| 状态：Redis同步数据到Mysql成功 / ID：58fdb4d1aa53ca70e02b3a7f / 日期：2017-04-24 16:20:07 / 
| 状态：Redis同步数据到Mysql成功 / ID：58fdb4d1aa53ca70e02b3a80 / 日期：2017-04-24 16:20:07 / 
| 状态：Redis同步数据到Mysql成功 / ID：58fdb4d1aa53ca70e02b3a81 / 日期：2017-04-24 16:20:07 / 
| 状态：Redis同步数据到Mysql成功 / ID：58fdb4d2aa53ca70e02b3a82 / 日期：2017-04-24 16:20:07 / 
| 状态：Redis同步数据到Mysql成功 / ID：58fdb4d2aa53ca70e02b3a83 / 日期：2017-04-24 16:20:07 / 
| 状态：Redis同步数据到Mysql成功 / ID：58fdb4d2aa53ca70e02b3a84 / 日期：2017-04-24 16:20:07 / 
| 状态：Redis同步数据到Mysql成功 / ID：58fdb4d2aa53ca70e02b3a85 / 日期：2017-04-24 16:20:07 / 
| 状态：Redis同步数据到Mysql成功 / ID：58fdb4d2aa53ca70e02b3a86 / 日期：2017-04-24 16:20:07 / 
| 状态：Redis同步数据到Mysql成功 / ID：58fdb4d2aa53ca70e02b3a87 / 日期：2017-04-24 16:20:07 / 
| 状态：Redis同步数据到Mysql成功 / ID：58fdb4d2aa53ca70e02b3a88 / 日期：2017-04-24 16:20:07 / 
| 状态：Redis同步数据到Mysql成功 / ID：58fdb4d2aa53ca70e02b3a89 / 日期：2017-04-24 16:20:07 / 
| 状态：Redis同步数据到Mysql成功 / ID：58fdb4d2aa53ca70e02b3a8a / 日期：2017-04-24 16:20:07 / 
| 状态：Redis同步数据到Mysql成功 / ID：58fdb4d2aa53ca70e02b3a8b / 日期：2017-04-24 16:20:07 / 
| 状态：Redis同步数据到Mysql成功 / ID：58fdb4d2aa53ca70e02b3a8c / 日期：2017-04-24 16:20:07 / 
| 状态：Redis同步数据到Mysql成功 / ID：58fdb4d2aa53ca70e02b3a8d / 日期：2017-04-24 16:20:07 / 
| 状态：Redis同步数据到Mysql成功 / ID：58fdb4d2aa53ca70e02b3a8e / 日期：2017-04-24 16:20:07 / 
| 状态：Redis同步数据到Mysql成功 / ID：58fdb4d2aa53ca70e02b3a8f / 日期：2017-04-24 16:20:07 / 
| 状态：Redis同步数据到Mysql成功 / ID：58fdb4d2aa53ca70e02b3a90 / 日期：2017-04-24 16:20:07 / 
| 本批次处理完成 / 日期：2017-04-24 16:20:07 / 
|--------------------------------------------
|----------------------RedisSyncMysql----------------------
| 开始处理任务 / 日期：2017-04-24 16:21:06 / 
| 本批次处理完成 / 日期：2017-04-24 16:21:06 / 
|---------------------MongoSyncRedis-----------------------
| 开始处理任务 / 日期：2017-04-24 16:21:06 / 
|--------------------------------------------
| 本批次处理完成 / 日期：2017-04-24 16:21:06 / 
|--------------------------------------------
|----------------------RedisSyncMysql----------------------
| 开始处理任务 / 日期：2017-04-27 10:52:08 / 
| 本批次处理完成 / 日期：2017-04-27 10:52:08 / 
|--------------------------------------------
|---------------------MongoSyncRedis-----------------------
| 开始处理任务 / 日期：2017-04-27 10:52:08 / 
| 本批次处理完成 / 日期：2017-04-27 10:52:08 / 
|--------------------------------------------
